# JRE version: Java(TM) SE Runtime Environment (8.0_121-b13) (build 1.8.0_121-b13)
# Java VM: Java HotSpot(TM) 64-Bit Server VM (25.121-b13 mixed mode windows-amd64 compressed oops)
Heap:
 PSYoungGen      total 239616K, used 16091K [0x00000000d5d80000, 0x00000000e8000000, 0x0000000100000000)
  eden space 233984K, 6% used [0x00000000d5d80000,0x00000000d6d36c98,0x00000000e4200000)
  from space 5632K, 0% used [0x00000000e6b80000,0x00000000e6b80000,0x00000000e7100000)
  to   space 31744K, 0% used [0x00000000e4200000,0x00000000e4200000,0x00000000e6100000)
 ParOldGen       total 83456K, used 37663K [0x0000000081800000, 0x0000000086980000, 0x00000000d5d80000)
  object space 83456K, 45% used [0x0000000081800000,0x0000000083cc7cc8,0x0000000086980000)
 Metaspace       used 30887K, capacity 31610K, committed 33408K, reserved 1079296K
  class space    used 3447K, capacity 3694K, committed 3968K, reserved 1048576K
GC Heap History (10 events):
Event: 4.231 GC heap before
{Heap before GC invocations=8 (full 1):
 PSYoungGen      total 147456K, used 11968K [0x00000000d5d80000, 0x00000000e7f80000, 0x0000000100000000)
  eden space 133120K, 0% used [0x00000000d5d80000,0x00000000d5d80000,0x00000000ddf80000)
  from space 14336K, 83% used [0x00000000ddf80000,0x00000000deb300b0,0x00000000ded80000)
  to   space 15360K, 0% used [0x00000000e7080000,0x00000000e7080000,0x00000000e7f80000)
 ParOldGen       total 87552K, used 18767K [0x0000000081800000, 0x0000000086d80000, 0x00000000d5d80000)
  object space 87552K, 21% used [0x0000000081800000,0x0000000082a53f20,0x0000000086d80000)
 Metaspace       used 20613K, capacity 21078K, committed 21296K, reserved 1069056K
  class space    used 2453K, capacity 2613K, committed 2688K, reserved 1048576K
Event: 4.364 GC heap after
Heap after GC invocations=8 (full 1):
 PSYoungGen      total 147456K, used 0K [0x00000000d5d80000, 0x00000000e7f80000, 0x0000000100000000)
  eden space 133120K, 0% used [0x00000000d5d80000,0x00000000d5d80000,0x00000000ddf80000)
  from space 14336K, 0% used [0x00000000ddf80000,0x00000000ddf80000,0x00000000ded80000)
  to   space 15360K, 0% used [0x00000000e7080000,0x00000000e7080000,0x00000000e7f80000)
 ParOldGen       total 83456K, used 23872K [0x0000000081800000, 0x0000000086980000, 0x00000000d5d80000)
  object space 83456K, 28% used [0x0000000081800000,0x0000000082f503a0,0x0000000086980000)
 Metaspace       used 20613K, capacity 21078K, committed 21296K, reserved 1069056K
  class space    used 2453K, capacity 2613K, committed 2688K, reserved 1048576K
}
Event: 6.552 GC heap before
{Heap before GC invocations=9 (full 1):
 PSYoungGen      total 147456K, used 133120K [0x00000000d5d80000, 0x00000000e7f80000, 0x0000000100000000)
  eden space 133120K, 100% used [0x00000000d5d80000,0x00000000ddf80000,0x00000000ddf80000)
  from space 14336K, 0% used [0x00000000ddf80000,0x00000000ddf80000,0x00000000ded80000)
  to   space 15360K, 0% used [0x00000000e7080000,0x00000000e7080000,0x00000000e7f80000)
 ParOldGen       total 83456K, used 23872K [0x0000000081800000, 0x0000000086980000, 0x00000000d5d80000)
  object space 83456K, 28% used [0x0000000081800000,0x0000000082f503a0,0x0000000086980000)
 Metaspace       used 23951K, capacity 24544K, committed 24704K, reserved 1071104K
  class space    used 2748K, capacity 2914K, committed 2944K, reserved 1048576K
Event: 6.569 GC heap after
Heap after GC invocations=9 (full 1):
 PSYoungGen      total 204800K, used 15333K [0x00000000d5d80000, 0x00000000e7f80000, 0x0000000100000000)
  eden space 189440K, 0% used [0x00000000d5d80000,0x00000000d5d80000,0x00000000e1680000)
  from space 15360K, 99% used [0x00000000e7080000,0x00000000e7f794b0,0x00000000e7f80000)
  to   space 20480K, 0% used [0x00000000e5780000,0x00000000e5780000,0x00000000e6b80000)
 ParOldGen       total 83456K, used 31770K [0x0000000081800000, 0x0000000086980000, 0x00000000d5d80000)
  object space 83456K, 38% used [0x0000000081800000,0x0000000083706a08,0x0000000086980000)
 Metaspace       used 23951K, capacity 24544K, committed 24704K, reserved 1071104K
  class space    used 2748K, capacity 2914K, committed 2944K, reserved 1048576K
}
Event: 7.688 GC heap before
{Heap before GC invocations=10 (full 1):
 PSYoungGen      total 204800K, used 204773K [0x00000000d5d80000, 0x00000000e7f80000, 0x0000000100000000)
  eden space 189440K, 100% used [0x00000000d5d80000,0x00000000e1680000,0x00000000e1680000)
  from space 15360K, 99% used [0x00000000e7080000,0x00000000e7f794b0,0x00000000e7f80000)
  to   space 20480K, 0% used [0x00000000e5780000,0x00000000e5780000,0x00000000e6b80000)
 ParOldGen       total 83456K, used 31770K [0x0000000081800000, 0x0000000086980000, 0x00000000d5d80000)
  object space 83456K, 38% used [0x0000000081800000,0x0000000083706a08,0x0000000086980000)
 Metaspace       used 24537K, capacity 25174K, committed 25344K, reserved 1071104K
  class space    used 2791K, capacity 2962K, committed 3072K, reserved 1048576K
Event: 7.704 GC heap after
Heap after GC invocations=10 (full 1):
 PSYoungGen      total 254464K, used 20451K [0x00000000d5d80000, 0x00000000e7100000, 0x0000000100000000)
  eden space 233984K, 0% used [0x00000000d5d80000,0x00000000d5d80000,0x00000000e4200000)
  from space 20480K, 99% used [0x00000000e5780000,0x00000000e6b78cf8,0x00000000e6b80000)
  to   space 5632K, 0% used [0x00000000e6b80000,0x00000000e6b80000,0x00000000e7100000)
 ParOldGen       total 83456K, used 32168K [0x0000000081800000, 0x0000000086980000, 0x00000000d5d80000)
  object space 83456K, 38% used [0x0000000081800000,0x000000008376a008,0x0000000086980000)
 Metaspace       used 24537K, capacity 25174K, committed 25344K, reserved 1071104K
  class space    used 2791K, capacity 2962K, committed 3072K, reserved 1048576K
}
Event: 21.230 GC heap before
{Heap before GC invocations=11 (full 1):
 PSYoungGen      total 254464K, used 252999K [0x00000000d5d80000, 0x00000000e7100000, 0x0000000100000000)
  eden space 233984K, 99% used [0x00000000d5d80000,0x00000000e4098fe8,0x00000000e4200000)
  from space 20480K, 99% used [0x00000000e5780000,0x00000000e6b78cf8,0x00000000e6b80000)
  to   space 5632K, 0% used [0x00000000e6b80000,0x00000000e6b80000,0x00000000e7100000)
 ParOldGen       total 83456K, used 32168K [0x0000000081800000, 0x0000000086980000, 0x00000000d5d80000)
  object space 83456K, 38% used [0x0000000081800000,0x000000008376a008,0x0000000086980000)
 Metaspace       used 32230K, capacity 33030K, committed 33408K, reserved 1079296K
  class space    used 3614K, capacity 3869K, committed 3968K, reserved 1048576K
Event: 21.256 GC heap after
Heap after GC invocations=11 (full 1):
 PSYoungGen      total 239616K, used 5608K [0x00000000d5d80000, 0x00000000e8000000, 0x0000000100000000)
  eden space 233984K, 0% used [0x00000000d5d80000,0x00000000d5d80000,0x00000000e4200000)
  from space 5632K, 99% used [0x00000000e6b80000,0x00000000e70fa1f8,0x00000000e7100000)
  to   space 31744K, 0% used [0x00000000e4200000,0x00000000e4200000,0x00000000e6100000)
 ParOldGen       total 83456K, used 63930K [0x0000000081800000, 0x0000000086980000, 0x00000000d5d80000)
  object space 83456K, 76% used [0x0000000081800000,0x000000008566e848,0x0000000086980000)
 Metaspace       used 32230K, capacity 33030K, committed 33408K, reserved 1079296K
  class space    used 3614K, capacity 3869K, committed 3968K, reserved 1048576K
}
Event: 21.256 GC heap before
{Heap before GC invocations=12 (full 2):
 PSYoungGen      total 239616K, used 5608K [0x00000000d5d80000, 0x00000000e8000000, 0x0000000100000000)
  eden space 233984K, 0% used [0x00000000d5d80000,0x00000000d5d80000,0x00000000e4200000)
  from space 5632K, 99% used [0x00000000e6b80000,0x00000000e70fa1f8,0x00000000e7100000)
  to   space 31744K, 0% used [0x00000000e4200000,0x00000000e4200000,0x00000000e6100000)
 ParOldGen       total 83456K, used 63930K [0x0000000081800000, 0x0000000086980000, 0x00000000d5d80000)
  object space 83456K, 76% used [0x0000000081800000,0x000000008566e848,0x0000000086980000)
 Metaspace       used 32230K, capacity 33030K, committed 33408K, reserved 1079296K
  class space    used 3614K, capacity 3869K, committed 3968K, reserved 1048576K
Event: 21.422 GC heap after
Heap after GC invocations=12 (full 2):
 PSYoungGen      total 239616K, used 0K [0x00000000d5d80000, 0x00000000e8000000, 0x0000000100000000)
  eden space 233984K, 0% used [0x00000000d5d80000,0x00000000d5d80000,0x00000000e4200000)
  from space 5632K, 0% used [0x00000000e6b80000,0x00000000e6b80000,0x00000000e7100000)
  to   space 31744K, 0% used [0x00000000e4200000,0x00000000e4200000,0x00000000e6100000)
 ParOldGen       total 83456K, used 37663K [0x0000000081800000, 0x0000000086980000, 0x00000000d5d80000)
  object space 83456K, 45% used [0x0000000081800000,0x0000000083cc7cc8,0x0000000086980000)
 Metaspace       used 30878K, capacity 31610K, committed 33408K, reserved 1079296K
  class space    used 3445K, capacity 3694K, committed 3968K, reserved 1048576K
}

